-------------------------------------------------------------------------------
Test set: com.globalsearch.IndexingLatencyTest
-------------------------------------------------------------------------------
Tests run: 1, Failures: 0, Errors: 1, Skipped: 0, Time elapsed: 16.50 s <<< FAILURE! -- in com.globalsearch.IndexingLatencyTest
com.globalsearch.IndexingLatencyTest.testIndexingLatency -- Time elapsed: 10.38 s <<< ERROR!
org.springframework.data.elasticsearch.core.convert.ConversionException: Unable to convert value '2025-10-28' to java.time.LocalDateTime for property 'createdAt'
	at org.springframework.data.elasticsearch.core.convert.TemporalPropertyValueConverter.read(TemporalPropertyValueConverter.java:60)
	at org.springframework.data.elasticsearch.core.convert.MappingElasticsearchConverter$Reader.convertOnRead(MappingElasticsearchConverter.java:524)
	at org.springframework.data.elasticsearch.core.convert.MappingElasticsearchConverter$Reader.propertyConverterRead(MappingElasticsearchConverter.java:518)
	at org.springframework.data.elasticsearch.core.convert.MappingElasticsearchConverter$Reader.readValue(MappingElasticsearchConverter.java:432)
	at org.springframework.data.elasticsearch.core.convert.MappingElasticsearchConverter$Reader$ElasticsearchPropertyValueProvider.getPropertyValue(MappingElasticsearchConverter.java:683)
	at org.springframework.data.elasticsearch.core.convert.MappingElasticsearchConverter$Reader.readProperties(MappingElasticsearchConverter.java:411)
	at org.springframework.data.elasticsearch.core.convert.MappingElasticsearchConverter$Reader.readEntity(MappingElasticsearchConverter.java:336)
	at org.springframework.data.elasticsearch.core.convert.MappingElasticsearchConverter$Reader.read(MappingElasticsearchConverter.java:267)
	at org.springframework.data.elasticsearch.core.convert.MappingElasticsearchConverter$Reader.read(MappingElasticsearchConverter.java:226)
	at org.springframework.data.elasticsearch.core.convert.MappingElasticsearchConverter.read(MappingElasticsearchConverter.java:163)
	at org.springframework.data.elasticsearch.core.convert.MappingElasticsearchConverter.read(MappingElasticsearchConverter.java:85)
	at org.springframework.data.elasticsearch.core.AbstractElasticsearchTemplate$ReadDocumentCallback.doWith(AbstractElasticsearchTemplate.java:763)
	at org.springframework.data.elasticsearch.client.elc.ElasticsearchTemplate.get(ElasticsearchTemplate.java:148)
	at org.springframework.data.elasticsearch.repository.support.SimpleElasticsearchRepository.lambda$findById$0(SimpleElasticsearchRepository.java:107)
	at org.springframework.data.elasticsearch.repository.support.SimpleElasticsearchRepository.execute(SimpleElasticsearchRepository.java:444)
	at org.springframework.data.elasticsearch.repository.support.SimpleElasticsearchRepository.findById(SimpleElasticsearchRepository.java:107)
	at java.base/jdk.internal.reflect.DirectMethodHandleAccessor.invoke(DirectMethodHandleAccessor.java:103)
	at java.base/java.lang.reflect.Method.invoke(Method.java:580)
	at org.springframework.aop.support.AopUtils.invokeJoinpointUsingReflection(AopUtils.java:354)
	at org.springframework.data.repository.core.support.RepositoryMethodInvoker$RepositoryFragmentMethodInvoker.lambda$new$0(RepositoryMethodInvoker.java:277)
	at org.springframework.data.repository.core.support.RepositoryMethodInvoker.doInvoke(RepositoryMethodInvoker.java:170)
	at org.springframework.data.repository.core.support.RepositoryMethodInvoker.invoke(RepositoryMethodInvoker.java:158)
	at org.springframework.data.repository.core.support.RepositoryComposition$RepositoryFragments.invoke(RepositoryComposition.java:516)
	at org.springframework.data.repository.core.support.RepositoryComposition.invoke(RepositoryComposition.java:285)
	at org.springframework.data.repository.core.support.RepositoryFactorySupport$ImplementationMethodExecutionInterceptor.invoke(RepositoryFactorySupport.java:628)
	at org.springframework.aop.framework.ReflectiveMethodInvocation.proceed(ReflectiveMethodInvocation.java:184)
	at org.springframework.data.repository.core.support.QueryExecutorMethodInterceptor.doInvoke(QueryExecutorMethodInterceptor.java:168)
	at org.springframework.data.repository.core.support.QueryExecutorMethodInterceptor.invoke(QueryExecutorMethodInterceptor.java:143)
	at org.springframework.aop.framework.ReflectiveMethodInvocation.proceed(ReflectiveMethodInvocation.java:184)
	at org.springframework.aop.interceptor.ExposeInvocationInterceptor.invoke(ExposeInvocationInterceptor.java:97)
	at org.springframework.aop.framework.ReflectiveMethodInvocation.proceed(ReflectiveMethodInvocation.java:184)
	at org.springframework.aop.framework.JdkDynamicAopProxy.invoke(JdkDynamicAopProxy.java:223)
	at jdk.proxy2/jdk.proxy2.$Proxy188.findById(Unknown Source)
	at java.base/jdk.internal.reflect.DirectMethodHandleAccessor.invoke(DirectMethodHandleAccessor.java:103)
	at java.base/java.lang.reflect.Method.invoke(Method.java:580)
	at org.springframework.aop.support.AopUtils.invokeJoinpointUsingReflection(AopUtils.java:354)
	at org.springframework.aop.framework.ReflectiveMethodInvocation.invokeJoinpoint(ReflectiveMethodInvocation.java:196)
	at org.springframework.aop.framework.ReflectiveMethodInvocation.proceed(ReflectiveMethodInvocation.java:163)
	at org.springframework.dao.support.PersistenceExceptionTranslationInterceptor.invoke(PersistenceExceptionTranslationInterceptor.java:137)
	at org.springframework.aop.framework.ReflectiveMethodInvocation.proceed(ReflectiveMethodInvocation.java:184)
	at org.springframework.aop.framework.JdkDynamicAopProxy.invoke(JdkDynamicAopProxy.java:223)
	at jdk.proxy2/jdk.proxy2.$Proxy188.findById(Unknown Source)
	at com.globalsearch.IndexingLatencyTest.testIndexingLatency(IndexingLatencyTest.java:62)
	at java.base/java.lang.reflect.Method.invoke(Method.java:580)
	at java.base/java.util.ArrayList.forEach(ArrayList.java:1596)
	at java.base/java.util.ArrayList.forEach(ArrayList.java:1596)

