-------------------------------------------------------------------------------
Test set: com.globalsearch.performance.IndexingLatencyTest
-------------------------------------------------------------------------------
Tests run: 3, Failures: 0, Errors: 3, Skipped: 0, Time elapsed: 4.058 s <<< FAILURE! -- in com.globalsearch.performance.IndexingLatencyTest
com.globalsearch.performance.IndexingLatencyTest.testCompanyIndexingLatency -- Time elapsed: 2.018 s <<< ERROR!
org.springframework.data.elasticsearch.core.convert.ConversionException: Unable to convert value '2025-10-28' to java.time.LocalDateTime for property 'createdAt'
	at org.springframework.data.elasticsearch.core.convert.TemporalPropertyValueConverter.read(TemporalPropertyValueConverter.java:60)
	at org.springframework.data.elasticsearch.core.convert.MappingElasticsearchConverter$Reader.convertOnRead(MappingElasticsearchConverter.java:524)
	at org.springframework.data.elasticsearch.core.convert.MappingElasticsearchConverter$Reader.propertyConverterRead(MappingElasticsearchConverter.java:518)
	at org.springframework.data.elasticsearch.core.convert.MappingElasticsearchConverter$Reader.readValue(MappingElasticsearchConverter.java:432)
	at org.springframework.data.elasticsearch.core.convert.MappingElasticsearchConverter$Reader$ElasticsearchPropertyValueProvider.getPropertyValue(MappingElasticsearchConverter.java:683)
	at org.springframework.data.elasticsearch.core.convert.MappingElasticsearchConverter$Reader.readProperties(MappingElasticsearchConverter.java:411)
	at org.springframework.data.elasticsearch.core.convert.MappingElasticsearchConverter$Reader.readEntity(MappingElasticsearchConverter.java:336)
	at org.springframework.data.elasticsearch.core.convert.MappingElasticsearchConverter$Reader.read(MappingElasticsearchConverter.java:267)
	at org.springframework.data.elasticsearch.core.convert.MappingElasticsearchConverter$Reader.read(MappingElasticsearchConverter.java:226)
	at org.springframework.data.elasticsearch.core.convert.MappingElasticsearchConverter.read(MappingElasticsearchConverter.java:163)
	at org.springframework.data.elasticsearch.core.convert.MappingElasticsearchConverter.read(MappingElasticsearchConverter.java:85)
	at org.springframework.data.elasticsearch.core.AbstractElasticsearchTemplate$ReadDocumentCallback.doWith(AbstractElasticsearchTemplate.java:763)
	at org.springframework.data.elasticsearch.client.elc.ElasticsearchTemplate.get(ElasticsearchTemplate.java:148)
	at org.springframework.data.elasticsearch.repository.support.SimpleElasticsearchRepository.lambda$findById$0(SimpleElasticsearchRepository.java:107)
	at org.springframework.data.elasticsearch.repository.support.SimpleElasticsearchRepository.execute(SimpleElasticsearchRepository.java:444)
	at org.springframework.data.elasticsearch.repository.support.SimpleElasticsearchRepository.findById(SimpleElasticsearchRepository.java:107)
	at java.base/jdk.internal.reflect.DirectMethodHandleAccessor.invoke(DirectMethodHandleAccessor.java:103)
	at java.base/java.lang.reflect.Method.invoke(Method.java:580)
	at org.springframework.aop.support.AopUtils.invokeJoinpointUsingReflection(AopUtils.java:354)
	at org.springframework.data.repository.core.support.RepositoryMethodInvoker$RepositoryFragmentMethodInvoker.lambda$new$0(RepositoryMethodInvoker.java:277)
	at org.springframework.data.repository.core.support.RepositoryMethodInvoker.doInvoke(RepositoryMethodInvoker.java:170)
	at org.springframework.data.repository.core.support.RepositoryMethodInvoker.invoke(RepositoryMethodInvoker.java:158)
	at org.springframework.data.repository.core.support.RepositoryComposition$RepositoryFragments.invoke(RepositoryComposition.java:516)
	at org.springframework.data.repository.core.support.RepositoryComposition.invoke(RepositoryComposition.java:285)
	at org.springframework.data.repository.core.support.RepositoryFactorySupport$ImplementationMethodExecutionInterceptor.invoke(RepositoryFactorySupport.java:628)
	at org.springframework.aop.framework.ReflectiveMethodInvocation.proceed(ReflectiveMethodInvocation.java:184)
	at org.springframework.data.repository.core.support.QueryExecutorMethodInterceptor.doInvoke(QueryExecutorMethodInterceptor.java:168)
	at org.springframework.data.repository.core.support.QueryExecutorMethodInterceptor.invoke(QueryExecutorMethodInterceptor.java:143)
	at org.springframework.aop.framework.ReflectiveMethodInvocation.proceed(ReflectiveMethodInvocation.java:184)
	at org.springframework.aop.interceptor.ExposeInvocationInterceptor.invoke(ExposeInvocationInterceptor.java:97)
	at org.springframework.aop.framework.ReflectiveMethodInvocation.proceed(ReflectiveMethodInvocation.java:184)
	at org.springframework.aop.framework.JdkDynamicAopProxy.invoke(JdkDynamicAopProxy.java:223)
	at jdk.proxy2/jdk.proxy2.$Proxy188.findById(Unknown Source)
	at java.base/jdk.internal.reflect.DirectMethodHandleAccessor.invoke(DirectMethodHandleAccessor.java:103)
	at java.base/java.lang.reflect.Method.invoke(Method.java:580)
	at org.springframework.aop.support.AopUtils.invokeJoinpointUsingReflection(AopUtils.java:354)
	at org.springframework.aop.framework.ReflectiveMethodInvocation.invokeJoinpoint(ReflectiveMethodInvocation.java:196)
	at org.springframework.aop.framework.ReflectiveMethodInvocation.proceed(ReflectiveMethodInvocation.java:163)
	at org.springframework.dao.support.PersistenceExceptionTranslationInterceptor.invoke(PersistenceExceptionTranslationInterceptor.java:137)
	at org.springframework.aop.framework.ReflectiveMethodInvocation.proceed(ReflectiveMethodInvocation.java:184)
	at org.springframework.aop.framework.JdkDynamicAopProxy.invoke(JdkDynamicAopProxy.java:223)
	at jdk.proxy2/jdk.proxy2.$Proxy188.findById(Unknown Source)
	at com.globalsearch.performance.IndexingLatencyTest.lambda$testCompanyIndexingLatency$0(IndexingLatencyTest.java:58)
	at com.globalsearch.performance.IndexingLatencyTest.waitForIndexing(IndexingLatencyTest.java:180)
	at com.globalsearch.performance.IndexingLatencyTest.testCompanyIndexingLatency(IndexingLatencyTest.java:57)
	at java.base/java.lang.reflect.Method.invoke(Method.java:580)
	at java.base/java.util.ArrayList.forEach(ArrayList.java:1596)
	at java.base/java.util.ArrayList.forEach(ArrayList.java:1596)

com.globalsearch.performance.IndexingLatencyTest.testSequentialIndexingLatency -- Time elapsed: 2.015 s <<< ERROR!
org.springframework.data.elasticsearch.core.convert.ConversionException: Unable to convert value '2025-10-28' to java.time.LocalDateTime for property 'createdAt'
	at org.springframework.data.elasticsearch.core.convert.TemporalPropertyValueConverter.read(TemporalPropertyValueConverter.java:60)
	at org.springframework.data.elasticsearch.core.convert.MappingElasticsearchConverter$Reader.convertOnRead(MappingElasticsearchConverter.java:524)
	at org.springframework.data.elasticsearch.core.convert.MappingElasticsearchConverter$Reader.propertyConverterRead(MappingElasticsearchConverter.java:518)
	at org.springframework.data.elasticsearch.core.convert.MappingElasticsearchConverter$Reader.readValue(MappingElasticsearchConverter.java:432)
	at org.springframework.data.elasticsearch.core.convert.MappingElasticsearchConverter$Reader$ElasticsearchPropertyValueProvider.getPropertyValue(MappingElasticsearchConverter.java:683)
	at org.springframework.data.elasticsearch.core.convert.MappingElasticsearchConverter$Reader.readProperties(MappingElasticsearchConverter.java:411)
	at org.springframework.data.elasticsearch.core.convert.MappingElasticsearchConverter$Reader.readEntity(MappingElasticsearchConverter.java:336)
	at org.springframework.data.elasticsearch.core.convert.MappingElasticsearchConverter$Reader.read(MappingElasticsearchConverter.java:267)
	at org.springframework.data.elasticsearch.core.convert.MappingElasticsearchConverter$Reader.read(MappingElasticsearchConverter.java:226)
	at org.springframework.data.elasticsearch.core.convert.MappingElasticsearchConverter.read(MappingElasticsearchConverter.java:163)
	at org.springframework.data.elasticsearch.core.convert.MappingElasticsearchConverter.read(MappingElasticsearchConverter.java:85)
	at org.springframework.data.elasticsearch.core.AbstractElasticsearchTemplate$ReadDocumentCallback.doWith(AbstractElasticsearchTemplate.java:763)
	at org.springframework.data.elasticsearch.client.elc.ElasticsearchTemplate.get(ElasticsearchTemplate.java:148)
	at org.springframework.data.elasticsearch.repository.support.SimpleElasticsearchRepository.lambda$findById$0(SimpleElasticsearchRepository.java:107)
	at org.springframework.data.elasticsearch.repository.support.SimpleElasticsearchRepository.execute(SimpleElasticsearchRepository.java:444)
	at org.springframework.data.elasticsearch.repository.support.SimpleElasticsearchRepository.findById(SimpleElasticsearchRepository.java:107)
	at java.base/jdk.internal.reflect.DirectMethodHandleAccessor.invoke(DirectMethodHandleAccessor.java:103)
	at java.base/java.lang.reflect.Method.invoke(Method.java:580)
	at org.springframework.aop.support.AopUtils.invokeJoinpointUsingReflection(AopUtils.java:354)
	at org.springframework.data.repository.core.support.RepositoryMethodInvoker$RepositoryFragmentMethodInvoker.lambda$new$0(RepositoryMethodInvoker.java:277)
	at org.springframework.data.repository.core.support.RepositoryMethodInvoker.doInvoke(RepositoryMethodInvoker.java:170)
	at org.springframework.data.repository.core.support.RepositoryMethodInvoker.invoke(RepositoryMethodInvoker.java:158)
	at org.springframework.data.repository.core.support.RepositoryComposition$RepositoryFragments.invoke(RepositoryComposition.java:516)
	at org.springframework.data.repository.core.support.RepositoryComposition.invoke(RepositoryComposition.java:285)
	at org.springframework.data.repository.core.support.RepositoryFactorySupport$ImplementationMethodExecutionInterceptor.invoke(RepositoryFactorySupport.java:628)
	at org.springframework.aop.framework.ReflectiveMethodInvocation.proceed(ReflectiveMethodInvocation.java:184)
	at org.springframework.data.repository.core.support.QueryExecutorMethodInterceptor.doInvoke(QueryExecutorMethodInterceptor.java:168)
	at org.springframework.data.repository.core.support.QueryExecutorMethodInterceptor.invoke(QueryExecutorMethodInterceptor.java:143)
	at org.springframework.aop.framework.ReflectiveMethodInvocation.proceed(ReflectiveMethodInvocation.java:184)
	at org.springframework.aop.interceptor.ExposeInvocationInterceptor.invoke(ExposeInvocationInterceptor.java:97)
	at org.springframework.aop.framework.ReflectiveMethodInvocation.proceed(ReflectiveMethodInvocation.java:184)
	at org.springframework.aop.framework.JdkDynamicAopProxy.invoke(JdkDynamicAopProxy.java:223)
	at jdk.proxy2/jdk.proxy2.$Proxy188.findById(Unknown Source)
	at java.base/jdk.internal.reflect.DirectMethodHandleAccessor.invoke(DirectMethodHandleAccessor.java:103)
	at java.base/java.lang.reflect.Method.invoke(Method.java:580)
	at org.springframework.aop.support.AopUtils.invokeJoinpointUsingReflection(AopUtils.java:354)
	at org.springframework.aop.framework.ReflectiveMethodInvocation.invokeJoinpoint(ReflectiveMethodInvocation.java:196)
	at org.springframework.aop.framework.ReflectiveMethodInvocation.proceed(ReflectiveMethodInvocation.java:163)
	at org.springframework.dao.support.PersistenceExceptionTranslationInterceptor.invoke(PersistenceExceptionTranslationInterceptor.java:137)
	at org.springframework.aop.framework.ReflectiveMethodInvocation.proceed(ReflectiveMethodInvocation.java:184)
	at org.springframework.aop.framework.JdkDynamicAopProxy.invoke(JdkDynamicAopProxy.java:223)
	at jdk.proxy2/jdk.proxy2.$Proxy188.findById(Unknown Source)
	at com.globalsearch.performance.IndexingLatencyTest.lambda$testSequentialIndexingLatency$1(IndexingLatencyTest.java:143)
	at com.globalsearch.performance.IndexingLatencyTest.waitForIndexing(IndexingLatencyTest.java:180)
	at com.globalsearch.performance.IndexingLatencyTest.testSequentialIndexingLatency(IndexingLatencyTest.java:142)
	at java.base/java.lang.reflect.Method.invoke(Method.java:580)
	at java.base/java.util.ArrayList.forEach(ArrayList.java:1596)
	at java.base/java.util.ArrayList.forEach(ArrayList.java:1596)

com.globalsearch.performance.IndexingLatencyTest.testBulkIndexingLatency -- Time elapsed: 0.016 s <<< ERROR!
org.springframework.dao.DataIntegrityViolationException: 
could not execute statement [Unique index or primary key violation: "PUBLIC.CONSTRAINT_INDEX_5 ON PUBLIC.COMPANIES(TENANT_ID NULLS FIRST) VALUES ( /* 6 */ 'BULK_TEST_1761688373836' )"; SQL statement:
insert into companies (address,city,contact_email,contact_phone,country,created_at,description,industry,max_locations,max_sensors,max_users,name,postal_code,state,status,tenant_id,updated_at,id) values (?,?,?,?,?,?,?,?,?,?,?,?,?,?,?,?,?,default) [23505-224]] [insert into companies (address,city,contact_email,contact_phone,country,created_at,description,industry,max_locations,max_sensors,max_users,name,postal_code,state,status,tenant_id,updated_at,id) values (?,?,?,?,?,?,?,?,?,?,?,?,?,?,?,?,?,default)]; SQL [insert into companies (address,city,contact_email,contact_phone,country,created_at,description,industry,max_locations,max_sensors,max_users,name,postal_code,state,status,tenant_id,updated_at,id) values (?,?,?,?,?,?,?,?,?,?,?,?,?,?,?,?,?,default)]; constraint ["PUBLIC.CONSTRAINT_INDEX_5 ON PUBLIC.COMPANIES(TENANT_ID NULLS FIRST) VALUES ( /* 6 */ 'BULK_TEST_1761688373836' )"; SQL statement:
insert into companies (address,city,contact_email,contact_phone,country,created_at,description,industry,max_locations,max_sensors,max_users,name,postal_code,state,status,tenant_id,updated_at,id) values (?,?,?,?,?,?,?,?,?,?,?,?,?,?,?,?,?,default) [23505-224]]
	at org.springframework.orm.jpa.vendor.HibernateJpaDialect.convertHibernateAccessException(HibernateJpaDialect.java:290)
	at org.springframework.orm.jpa.vendor.HibernateJpaDialect.translateExceptionIfPossible(HibernateJpaDialect.java:241)
	at org.springframework.orm.jpa.AbstractEntityManagerFactoryBean.translateExceptionIfPossible(AbstractEntityManagerFactoryBean.java:550)
	at org.springframework.dao.support.ChainedPersistenceExceptionTranslator.translateExceptionIfPossible(ChainedPersistenceExceptionTranslator.java:61)
	at org.springframework.dao.support.DataAccessUtils.translateIfNecessary(DataAccessUtils.java:335)
	at org.springframework.dao.support.PersistenceExceptionTranslationInterceptor.invoke(PersistenceExceptionTranslationInterceptor.java:152)
	at org.springframework.aop.framework.ReflectiveMethodInvocation.proceed(ReflectiveMethodInvocation.java:184)
	at org.springframework.data.jpa.repository.support.CrudMethodMetadataPostProcessor$CrudMethodMetadataPopulatingMethodInterceptor.invoke(CrudMethodMetadataPostProcessor.java:164)
	at org.springframework.aop.framework.ReflectiveMethodInvocation.proceed(ReflectiveMethodInvocation.java:184)
	at org.springframework.aop.interceptor.ExposeInvocationInterceptor.invoke(ExposeInvocationInterceptor.java:97)
	at org.springframework.aop.framework.ReflectiveMethodInvocation.proceed(ReflectiveMethodInvocation.java:184)
	at org.springframework.aop.framework.JdkDynamicAopProxy.invoke(JdkDynamicAopProxy.java:223)
	at jdk.proxy2/jdk.proxy2.$Proxy173.save(Unknown Source)
	at com.globalsearch.performance.IndexingLatencyTest.testBulkIndexingLatency(IndexingLatencyTest.java:101)
	at java.base/java.lang.reflect.Method.invoke(Method.java:580)
	at java.base/java.util.ArrayList.forEach(ArrayList.java:1596)
	at java.base/java.util.ArrayList.forEach(ArrayList.java:1596)
Caused by: org.hibernate.exception.ConstraintViolationException: could not execute statement [Unique index or primary key violation: "PUBLIC.CONSTRAINT_INDEX_5 ON PUBLIC.COMPANIES(TENANT_ID NULLS FIRST) VALUES ( /* 6 */ 'BULK_TEST_1761688373836' )"; SQL statement:
insert into companies (address,city,contact_email,contact_phone,country,created_at,description,industry,max_locations,max_sensors,max_users,name,postal_code,state,status,tenant_id,updated_at,id) values (?,?,?,?,?,?,?,?,?,?,?,?,?,?,?,?,?,default) [23505-224]] [insert into companies (address,city,contact_email,contact_phone,country,created_at,description,industry,max_locations,max_sensors,max_users,name,postal_code,state,status,tenant_id,updated_at,id) values (?,?,?,?,?,?,?,?,?,?,?,?,?,?,?,?,?,default)]
	at org.hibernate.exception.internal.SQLExceptionTypeDelegate.convert(SQLExceptionTypeDelegate.java:62)
	at org.hibernate.exception.internal.StandardSQLExceptionConverter.convert(StandardSQLExceptionConverter.java:58)
	at org.hibernate.engine.jdbc.spi.SqlExceptionHelper.convert(SqlExceptionHelper.java:108)
	at org.hibernate.engine.jdbc.internal.ResultSetReturnImpl.executeUpdate(ResultSetReturnImpl.java:197)
	at org.hibernate.id.insert.GetGeneratedKeysDelegate.performInsert(GetGeneratedKeysDelegate.java:107)
	at org.hibernate.engine.jdbc.mutation.internal.MutationExecutorPostInsertSingleTable.execute(MutationExecutorPostInsertSingleTable.java:100)
	at org.hibernate.persister.entity.mutation.InsertCoordinator.doStaticInserts(InsertCoordinator.java:175)
	at org.hibernate.persister.entity.mutation.InsertCoordinator.coordinateInsert(InsertCoordinator.java:113)
	at org.hibernate.persister.entity.AbstractEntityPersister.insert(AbstractEntityPersister.java:2868)
	at org.hibernate.action.internal.EntityIdentityInsertAction.execute(EntityIdentityInsertAction.java:81)
	at org.hibernate.engine.spi.ActionQueue.execute(ActionQueue.java:670)
	at org.hibernate.engine.spi.ActionQueue.addResolvedEntityInsertAction(ActionQueue.java:291)
	at org.hibernate.engine.spi.ActionQueue.addInsertAction(ActionQueue.java:272)
	at org.hibernate.engine.spi.ActionQueue.addAction(ActionQueue.java:322)
	at org.hibernate.event.internal.AbstractSaveEventListener.addInsertAction(AbstractSaveEventListener.java:386)
	at org.hibernate.event.internal.AbstractSaveEventListener.performSaveOrReplicate(AbstractSaveEventListener.java:300)
	at org.hibernate.event.internal.AbstractSaveEventListener.performSave(AbstractSaveEventListener.java:219)
	at org.hibernate.event.internal.AbstractSaveEventListener.saveWithGeneratedId(AbstractSaveEventListener.java:134)
	at org.hibernate.event.internal.DefaultPersistEventListener.entityIsTransient(DefaultPersistEventListener.java:175)
	at org.hibernate.event.internal.DefaultPersistEventListener.persist(DefaultPersistEventListener.java:93)
	at org.hibernate.event.internal.DefaultPersistEventListener.onPersist(DefaultPersistEventListener.java:77)
	at org.hibernate.event.internal.DefaultPersistEventListener.onPersist(DefaultPersistEventListener.java:54)
	at org.hibernate.event.service.internal.EventListenerGroupImpl.fireEventOnEachListener(EventListenerGroupImpl.java:127)
	at org.hibernate.internal.SessionImpl.firePersist(SessionImpl.java:754)
	at org.hibernate.internal.SessionImpl.persist(SessionImpl.java:738)
	at java.base/jdk.internal.reflect.DirectMethodHandleAccessor.invoke(DirectMethodHandleAccessor.java:103)
	at java.base/java.lang.reflect.Method.invoke(Method.java:580)
	at org.springframework.orm.jpa.SharedEntityManagerCreator$SharedEntityManagerInvocationHandler.invoke(SharedEntityManagerCreator.java:319)
	at jdk.proxy2/jdk.proxy2.$Proxy161.persist(Unknown Source)
	at org.springframework.data.jpa.repository.support.SimpleJpaRepository.save(SimpleJpaRepository.java:618)
	at java.base/jdk.internal.reflect.DirectMethodHandleAccessor.invoke(DirectMethodHandleAccessor.java:103)
	at java.base/java.lang.reflect.Method.invoke(Method.java:580)
	at org.springframework.aop.support.AopUtils.invokeJoinpointUsingReflection(AopUtils.java:354)
	at org.springframework.data.repository.core.support.RepositoryMethodInvoker$RepositoryFragmentMethodInvoker.lambda$new$0(RepositoryMethodInvoker.java:277)
	at org.springframework.data.repository.core.support.RepositoryMethodInvoker.doInvoke(RepositoryMethodInvoker.java:170)
	at org.springframework.data.repository.core.support.RepositoryMethodInvoker.invoke(RepositoryMethodInvoker.java:158)
	at org.springframework.data.repository.core.support.RepositoryComposition$RepositoryFragments.invoke(RepositoryComposition.java:516)
	at org.springframework.data.repository.core.support.RepositoryComposition.invoke(RepositoryComposition.java:285)
	at org.springframework.data.repository.core.support.RepositoryFactorySupport$ImplementationMethodExecutionInterceptor.invoke(RepositoryFactorySupport.java:628)
	at org.springframework.aop.framework.ReflectiveMethodInvocation.proceed(ReflectiveMethodInvocation.java:184)
	at org.springframework.data.repository.core.support.QueryExecutorMethodInterceptor.doInvoke(QueryExecutorMethodInterceptor.java:168)
	at org.springframework.data.repository.core.support.QueryExecutorMethodInterceptor.invoke(QueryExecutorMethodInterceptor.java:143)
	at org.springframework.aop.framework.ReflectiveMethodInvocation.proceed(ReflectiveMethodInvocation.java:184)
	at org.springframework.data.projection.DefaultMethodInvokingMethodInterceptor.invoke(DefaultMethodInvokingMethodInterceptor.java:70)
	at org.springframework.aop.framework.ReflectiveMethodInvocation.proceed(ReflectiveMethodInvocation.java:184)
	at org.springframework.transaction.interceptor.TransactionInterceptor$1.proceedWithInvocation(TransactionInterceptor.java:123)
	at org.springframework.transaction.interceptor.TransactionAspectSupport.invokeWithinTransaction(TransactionAspectSupport.java:392)
	at org.springframework.transaction.interceptor.TransactionInterceptor.invoke(TransactionInterceptor.java:119)
	at org.springframework.aop.framework.ReflectiveMethodInvocation.proceed(ReflectiveMethodInvocation.java:184)
	at org.springframework.dao.support.PersistenceExceptionTranslationInterceptor.invoke(PersistenceExceptionTranslationInterceptor.java:137)
	... 11 more
Caused by: org.h2.jdbc.JdbcSQLIntegrityConstraintViolationException: Unique index or primary key violation: "PUBLIC.CONSTRAINT_INDEX_5 ON PUBLIC.COMPANIES(TENANT_ID NULLS FIRST) VALUES ( /* 6 */ 'BULK_TEST_1761688373836' )"; SQL statement:
insert into companies (address,city,contact_email,contact_phone,country,created_at,description,industry,max_locations,max_sensors,max_users,name,postal_code,state,status,tenant_id,updated_at,id) values (?,?,?,?,?,?,?,?,?,?,?,?,?,?,?,?,?,default) [23505-224]
	at org.h2.message.DbException.getJdbcSQLException(DbException.java:520)
	at org.h2.message.DbException.getJdbcSQLException(DbException.java:489)
	at org.h2.message.DbException.get(DbException.java:223)
	at org.h2.message.DbException.get(DbException.java:199)
	at org.h2.index.Index.getDuplicateKeyException(Index.java:527)
	at org.h2.mvstore.db.MVSecondaryIndex.checkUnique(MVSecondaryIndex.java:223)
	at org.h2.mvstore.db.MVSecondaryIndex.add(MVSecondaryIndex.java:184)
	at org.h2.mvstore.db.MVTable.addRow(MVTable.java:519)
	at org.h2.command.dml.Insert.insertRows(Insert.java:174)
	at org.h2.command.dml.Insert.update(Insert.java:135)
	at org.h2.command.CommandContainer.executeUpdateWithGeneratedKeys(CommandContainer.java:242)
	at org.h2.command.CommandContainer.update(CommandContainer.java:163)
	at org.h2.command.Command.executeUpdate(Command.java:256)
	at org.h2.jdbc.JdbcPreparedStatement.executeUpdateInternal(JdbcPreparedStatement.java:216)
	at org.h2.jdbc.JdbcPreparedStatement.executeUpdate(JdbcPreparedStatement.java:174)
	at com.zaxxer.hikari.pool.ProxyPreparedStatement.executeUpdate(ProxyPreparedStatement.java:61)
	at com.zaxxer.hikari.pool.HikariProxyPreparedStatement.executeUpdate(HikariProxyPreparedStatement.java)
	at org.hibernate.engine.jdbc.internal.ResultSetReturnImpl.executeUpdate(ResultSetReturnImpl.java:194)
	... 57 more

