<?xml version="1.0" encoding="UTF-8"?>
<testsuite xmlns:xsi="http://www.w3.org/2001/XMLSchema-instance" xsi:noNamespaceSchemaLocation="https://maven.apache.org/surefire/maven-surefire-plugin/xsd/surefire-test-report-3.0.xsd" version="3.0" name="com.globalsearch.IndexingLatencyTest" time="16.496" tests="1" errors="1" skipped="0" failures="0">
  <properties>
[...]
</properties>
  <testcase name="testIndexingLatency" classname="com.globalsearch.IndexingLatencyTest" time="10.38">
    <error message="Unable to convert value &apos;2025-10-28&apos; to java.time.LocalDateTime for property &apos;createdAt&apos;" type="org.springframework.data.elasticsearch.core.convert.ConversionException"><![CDATA[org.springframework.data.elasticsearch.core.convert.ConversionException: Unable to convert value '2025-10-28' to java.time.LocalDateTime for property 'createdAt'
	at org.springframework.data.elasticsearch.core.convert.TemporalPropertyValueConverter.read(TemporalPropertyValueConverter.java:60)
	at org.springframework.data.elasticsearch.core.convert.MappingElasticsearchConverter$Reader.convertOnRead(MappingElasticsearchConverter.java:524)
	at org.springframework.data.elasticsearch.core.convert.MappingElasticsearchConverter$Reader.propertyConverterRead(MappingElasticsearchConverter.java:518)
	at org.springframework.data.elasticsearch.core.convert.MappingElasticsearchConverter$Reader.readValue(MappingElasticsearchConverter.java:432)
	at org.springframework.data.elasticsearch.core.convert.MappingElasticsearchConverter$Reader$ElasticsearchPropertyValueProvider.getPropertyValue(MappingElasticsearchConverter.java:683)
	at org.springframework.data.elasticsearch.core.convert.MappingElasticsearchConverter$Reader.readProperties(MappingElasticsearchConverter.java:411)
	at org.springframework.data.elasticsearch.core.convert.MappingElasticsearchConverter$Reader.readEntity(MappingElasticsearchConverter.java:336)
	at org.springframework.data.elasticsearch.core.convert.MappingElasticsearchConverter$Reader.read(MappingElasticsearchConverter.java:267)
	at org.springframework.data.elasticsearch.core.convert.MappingElasticsearchConverter$Reader.read(MappingElasticsearchConverter.java:226)
	at org.springframework.data.elasticsearch.core.convert.MappingElasticsearchConverter.read(MappingElasticsearchConverter.java:163)
	at org.springframework.data.elasticsearch.core.convert.MappingElasticsearchConverter.read(MappingElasticsearchConverter.java:85)
	at org.springframework.data.elasticsearch.core.AbstractElasticsearchTemplate$ReadDocumentCallback.doWith(AbstractElasticsearchTemplate.java:763)
	at org.springframework.data.elasticsearch.client.elc.ElasticsearchTemplate.get(ElasticsearchTemplate.java:148)
	at org.springframework.data.elasticsearch.repository.support.SimpleElasticsearchRepository.lambda$findById$0(SimpleElasticsearchRepository.java:107)
	at org.springframework.data.elasticsearch.repository.support.SimpleElasticsearchRepository.execute(SimpleElasticsearchRepository.java:444)
	at org.springframework.data.elasticsearch.repository.support.SimpleElasticsearchRepository.findById(SimpleElasticsearchRepository.java:107)
	at java.base/jdk.internal.reflect.DirectMethodHandleAccessor.invoke(DirectMethodHandleAccessor.java:103)
	at java.base/java.lang.reflect.Method.invoke(Method.java:580)
	at org.springframework.aop.support.AopUtils.invokeJoinpointUsingReflection(AopUtils.java:354)
	at org.springframework.data.repository.core.support.RepositoryMethodInvoker$RepositoryFragmentMethodInvoker.lambda$new$0(RepositoryMethodInvoker.java:277)
	at org.springframework.data.repository.core.support.RepositoryMethodInvoker.doInvoke(RepositoryMethodInvoker.java:170)
	at org.springframework.data.repository.core.support.RepositoryMethodInvoker.invoke(RepositoryMethodInvoker.java:158)
	at org.springframework.data.repository.core.support.RepositoryComposition$RepositoryFragments.invoke(RepositoryComposition.java:516)
	at org.springframework.data.repository.core.support.RepositoryComposition.invoke(RepositoryComposition.java:285)
	at org.springframework.data.repository.core.support.RepositoryFactorySupport$ImplementationMethodExecutionInterceptor.invoke(RepositoryFactorySupport.java:628)
	at org.springframework.aop.framework.ReflectiveMethodInvocation.proceed(ReflectiveMethodInvocation.java:184)
	at org.springframework.data.repository.core.support.QueryExecutorMethodInterceptor.doInvoke(QueryExecutorMethodInterceptor.java:168)
	at org.springframework.data.repository.core.support.QueryExecutorMethodInterceptor.invoke(QueryExecutorMethodInterceptor.java:143)
	at org.springframework.aop.framework.ReflectiveMethodInvocation.proceed(ReflectiveMethodInvocation.java:184)
	at org.springframework.aop.interceptor.ExposeInvocationInterceptor.invoke(ExposeInvocationInterceptor.java:97)
	at org.springframework.aop.framework.ReflectiveMethodInvocation.proceed(ReflectiveMethodInvocation.java:184)
	at org.springframework.aop.framework.JdkDynamicAopProxy.invoke(JdkDynamicAopProxy.java:223)
	at jdk.proxy2/jdk.proxy2.$Proxy188.findById(Unknown Source)
	at java.base/jdk.internal.reflect.DirectMethodHandleAccessor.invoke(DirectMethodHandleAccessor.java:103)
	at java.base/java.lang.reflect.Method.invoke(Method.java:580)
	at org.springframework.aop.support.AopUtils.invokeJoinpointUsingReflection(AopUtils.java:354)
	at org.springframework.aop.framework.ReflectiveMethodInvocation.invokeJoinpoint(ReflectiveMethodInvocation.java:196)
	at org.springframework.aop.framework.ReflectiveMethodInvocation.proceed(ReflectiveMethodInvocation.java:163)
	at org.springframework.dao.support.PersistenceExceptionTranslationInterceptor.invoke(PersistenceExceptionTranslationInterceptor.java:137)
	at org.springframework.aop.framework.ReflectiveMethodInvocation.proceed(ReflectiveMethodInvocation.java:184)
	at org.springframework.aop.framework.JdkDynamicAopProxy.invoke(JdkDynamicAopProxy.java:223)
	at jdk.proxy2/jdk.proxy2.$Proxy188.findById(Unknown Source)
	at com.globalsearch.IndexingLatencyTest.testIndexingLatency(IndexingLatencyTest.java:62)
	at java.base/java.lang.reflect.Method.invoke(Method.java:580)
	at java.base/java.util.ArrayList.forEach(ArrayList.java:1596)
	at java.base/java.util.ArrayList.forEach(ArrayList.java:1596)
]]></error>
    <system-out><![CDATA[22:52:33.404 [main] INFO org.springframework.test.context.support.AnnotationConfigContextLoaderUtils -- Could not detect default configuration classes for test class [com.globalsearch.IndexingLatencyTest]: IndexingLatencyTest does not declare any static, non-private, non-final, nested classes annotated with @Configuration.
22:52:33.486 [main] INFO org.springframework.boot.test.context.SpringBootTestContextBootstrapper -- Found @SpringBootConfiguration com.globalsearch.GlobalSearchApplication for test class com.globalsearch.IndexingLatencyTest
22:52:33.608 [main] INFO org.springframework.boot.devtools.restart.RestartApplicationListener -- Restart disabled due to context in which it is running

  .   ____          _            __ _ _
 /\\ / ___'_ __ _ _(_)_ __  __ _ \ \ \ \
( ( )\___ | '_ | '_| | '_ \/ _` | \ \ \ \
 \\/  ___)| |_)| | | | | || (_| |  ) ) ) )
  '  |____| .__|_| |_|_| |_\__, | / / / /
 =========|_|==============|___/=/_/_/_/
 :: Spring Boot ::                (v3.2.5)

2025-10-28T22:52:33.778+01:00  INFO 24176 --- [global-search-test] [           main] com.globalsearch.IndexingLatencyTest     : Starting IndexingLatencyTest using Java 21.0.8 with PID 24176 (started by Zubeyr in C:\Users\Zubeyr\IdeaProjects\Global-Search-)
2025-10-28T22:52:33.778+01:00  INFO 24176 --- [global-search-test] [           main] com.globalsearch.IndexingLatencyTest     : The following 1 profile is active: "test"
2025-10-28T22:52:37.973+01:00  INFO 24176 --- [global-search-test] [           main] com.globalsearch.config.AsyncConfig      : Audit log executor initialized with core pool size: 2, max pool size: 5
2025-10-28T22:52:37.982+01:00  INFO 24176 --- [global-search-test] [           main] com.globalsearch.config.AsyncConfig      : Task executor initialized with core pool size: 5, max pool size: 10
2025-10-28T22:52:38.645+01:00  INFO 24176 --- [global-search-test] [           main] com.globalsearch.IndexingLatencyTest     : Started IndexingLatencyTest in 5.053 seconds (process running for 5.726)
2025-10-28T22:52:38.693+01:00  INFO 24176 --- [global-search-test] [           main] c.g.service.DataInitializationService    : Initializing sample data...
2025-10-28T22:52:38.916+01:00  INFO 24176 --- [global-search-test] [           main] c.g.service.DataInitializationService    : Created 2 companies
2025-10-28T22:52:38.925+01:00  INFO 24176 --- [global-search-test] [           main] c.g.service.DataInitializationService    : Created 3 users
2025-10-28T22:52:38.926+01:00  INFO 24176 --- [global-search-test] [           main] c.g.service.DataInitializationService    : Created 2 locations
2025-10-28T22:52:38.926+01:00  INFO 24176 --- [global-search-test] [           main] c.g.service.DataInitializationService    : Created 2 zones
2025-10-28T22:52:38.926+01:00  INFO 24176 --- [global-search-test] [           main] c.g.service.DataInitializationService    : Created 4 sensors
2025-10-28T22:52:38.926+01:00  INFO 24176 --- [global-search-test] [           main] c.g.service.DataInitializationService    : === Sample Login Credentials ===
2025-10-28T22:52:38.926+01:00  INFO 24176 --- [global-search-test] [           main] c.g.service.DataInitializationService    : Super Admin: username=superadmin, password=admin123
2025-10-28T22:52:38.926+01:00  INFO 24176 --- [global-search-test] [           main] c.g.service.DataInitializationService    : Company Admin: username=admin_logistics, password=password123
2025-10-28T22:52:38.926+01:00  INFO 24176 --- [global-search-test] [           main] c.g.service.DataInitializationService    : Manager: username=manager_chicago, password=password123
2025-10-28T22:52:38.926+01:00  INFO 24176 --- [global-search-test] [           main] c.g.service.DataInitializationService    : Sample data initialized successfully!
2025-10-28T22:52:38.936+01:00  INFO 24176 --- [global-search-test] [           main] c.g.service.ElasticsearchSyncService     : =================================================================
2025-10-28T22:52:38.936+01:00  INFO 24176 --- [global-search-test] [           main] c.g.service.ElasticsearchSyncService     : Starting Elasticsearch data synchronization...
2025-10-28T22:52:38.936+01:00  INFO 24176 --- [global-search-test] [           main] c.g.service.ElasticsearchSyncService     : =================================================================
2025-10-28T22:52:38.936+01:00  INFO 24176 --- [global-search-test] [           main] c.g.service.ElasticsearchSyncService     : Syncing companies to Elasticsearch...
2025-10-28T22:52:39.050+01:00  INFO 24176 --- [global-search-test] [           main] c.g.service.ElasticsearchSyncService     : ✓ Synced 2 companies to Elasticsearch
2025-10-28T22:52:39.058+01:00  INFO 24176 --- [global-search-test] [           main] c.g.service.ElasticsearchSyncService     : Syncing locations to Elasticsearch...
2025-10-28T22:52:39.156+01:00  INFO 24176 --- [global-search-test] [           main] c.g.service.ElasticsearchSyncService     : ✓ Synced 2 locations to Elasticsearch
2025-10-28T22:52:39.156+01:00  INFO 24176 --- [global-search-test] [           main] c.g.service.ElasticsearchSyncService     : Syncing zones to Elasticsearch...
2025-10-28T22:52:39.236+01:00  INFO 24176 --- [global-search-test] [           main] c.g.service.ElasticsearchSyncService     : ✓ Synced 2 zones to Elasticsearch
2025-10-28T22:52:39.236+01:00  INFO 24176 --- [global-search-test] [           main] c.g.service.ElasticsearchSyncService     : Syncing sensors to Elasticsearch...
2025-10-28T22:52:39.383+01:00  INFO 24176 --- [global-search-test] [           main] c.g.service.ElasticsearchSyncService     : ✓ Synced 4 sensors to Elasticsearch
2025-10-28T22:52:39.383+01:00  INFO 24176 --- [global-search-test] [           main] c.g.service.ElasticsearchSyncService     : Syncing reports to Elasticsearch...
2025-10-28T22:52:39.383+01:00  INFO 24176 --- [global-search-test] [           main] c.g.service.ElasticsearchSyncService     : ✓ Synced 0 reports to Elasticsearch
2025-10-28T22:52:39.383+01:00  INFO 24176 --- [global-search-test] [           main] c.g.service.ElasticsearchSyncService     : Syncing dashboards to Elasticsearch...
2025-10-28T22:52:39.383+01:00  INFO 24176 --- [global-search-test] [           main] c.g.service.ElasticsearchSyncService     : ✓ Synced 0 dashboards to Elasticsearch
2025-10-28T22:52:39.383+01:00  INFO 24176 --- [global-search-test] [           main] c.g.service.ElasticsearchSyncService     : =================================================================
2025-10-28T22:52:39.383+01:00  INFO 24176 --- [global-search-test] [           main] c.g.service.ElasticsearchSyncService     : Elasticsearch synchronization completed successfully in 447 ms
2025-10-28T22:52:39.383+01:00  INFO 24176 --- [global-search-test] [           main] c.g.service.ElasticsearchSyncService     : =================================================================
=== Starting Indexing Latency Test ===
Requirement: Data must be searchable within 5 minutes of creation
Creating company in MySQL at: 1761688359724
Company created with ID: 3
Waiting for document to be indexed in Elasticsearch...
]]></system-out>
    <system-err><![CDATA[WARNING: A Java agent has been loaded dynamically (C:\Users\Zubeyr\.m2\repository\net\bytebuddy\byte-buddy-agent\1.14.13\byte-buddy-agent-1.14.13.jar)
WARNING: If a serviceability tool is in use, please run with -XX:+EnableDynamicAgentLoading to hide this warning
WARNING: If a serviceability tool is not in use, please run with -Djdk.instrument.traceUsage for more information
WARNING: Dynamic loading of agents will be disallowed by default in a future release
]]></system-err>
  </testcase>
</testsuite>